{"level":"info","message":"Server is running on port 3000","timestamp":"2025-05-29T19:23:46.418Z"}
{"level":"info","message":"Server is running on port 3000","timestamp":"2025-05-29T19:30:12.210Z"}
{"level":"info","message":"Server is running on port 3000","timestamp":"2025-05-29T19:40:35.226Z"}
{"level":"info","message":"Server is running on port 3000","timestamp":"2025-05-29T19:44:49.222Z"}
{"level":"info","message":"Server is running on port 3000","timestamp":"2025-05-29T19:44:50.054Z"}
{"level":"info","message":"Server is running on port 3000","timestamp":"2025-05-29T19:48:59.817Z"}
{"level":"info","message":"Server is running on port 3000","timestamp":"2025-05-29T19:49:00.595Z"}
{"level":"info","message":"Server is running on port 3000","timestamp":"2025-05-29T19:52:32.298Z"}
{"level":"info","message":"Server is running on port 3000","timestamp":"2025-05-29T19:55:43.943Z"}
{"level":"info","message":"Server is running on port 3000","timestamp":"2025-05-29T19:56:00.930Z"}
{"level":"info","message":"Server is running on port 3000","timestamp":"2025-05-29T19:56:01.993Z"}
{"level":"info","message":"Environment variables:","timestamp":"2025-05-29T19:56:24.328Z"}
{"level":"info","message":"PORT: undefined","timestamp":"2025-05-29T19:56:24.330Z"}
{"level":"info","message":"NODE_ENV: undefined","timestamp":"2025-05-29T19:56:24.330Z"}
{"level":"info","message":"Current working directory: C:\\Users\\Shon PC\\Desktop\\smart-home-crm","timestamp":"2025-05-29T19:56:24.330Z"}
{"level":"info","message":"Server is running on port 3001","timestamp":"2025-05-29T19:56:24.334Z"}
{"level":"info","message":"Environment variables:","timestamp":"2025-05-29T19:57:45.669Z"}
{"level":"info","message":"PORT: undefined","timestamp":"2025-05-29T19:57:45.670Z"}
{"level":"info","message":"NODE_ENV: undefined","timestamp":"2025-05-29T19:57:45.671Z"}
{"level":"info","message":"Current working directory: C:\\Users\\Shon PC\\Desktop\\smart-home-crm","timestamp":"2025-05-29T19:57:45.671Z"}
{"level":"info","message":"Server is running on port 3001","timestamp":"2025-05-29T19:57:45.674Z"}
{"level":"info","message":"Environment variables:","timestamp":"2025-05-29T19:58:15.719Z"}
{"level":"info","message":"PORT: undefined","timestamp":"2025-05-29T19:58:15.721Z"}
{"level":"info","message":"NODE_ENV: undefined","timestamp":"2025-05-29T19:58:15.722Z"}
{"level":"info","message":"Current working directory: C:\\Users\\Shon PC\\Desktop\\smart-home-crm","timestamp":"2025-05-29T19:58:15.722Z"}
{"level":"info","message":"Server is running on port 3001","timestamp":"2025-05-29T19:58:15.725Z"}
{"level":"info","message":"Environment variables:","timestamp":"2025-05-29T19:58:16.017Z"}
{"level":"info","message":"PORT: undefined","timestamp":"2025-05-29T19:58:16.020Z"}
{"level":"info","message":"NODE_ENV: undefined","timestamp":"2025-05-29T19:58:16.020Z"}
{"level":"info","message":"Current working directory: C:\\Users\\Shon PC\\Desktop\\smart-home-crm","timestamp":"2025-05-29T19:58:16.020Z"}
{"level":"info","message":"Server is running on port 3001","timestamp":"2025-05-29T19:58:16.023Z"}
{"level":"info","message":"Environment variables:","timestamp":"2025-05-29T19:59:31.871Z"}
{"level":"info","message":"PORT: undefined","timestamp":"2025-05-29T19:59:31.873Z"}
{"level":"info","message":"NODE_ENV: undefined","timestamp":"2025-05-29T19:59:31.873Z"}
{"level":"info","message":"Current working directory: C:\\Users\\Shon PC\\Desktop\\smart-home-crm","timestamp":"2025-05-29T19:59:31.874Z"}
{"level":"info","message":"Server is running on port 3001","timestamp":"2025-05-29T19:59:31.876Z"}
{"level":"info","message":"Environment variables:","timestamp":"2025-05-29T20:00:35.462Z"}
{"level":"info","message":"PORT: undefined","timestamp":"2025-05-29T20:00:35.464Z"}
{"level":"info","message":"NODE_ENV: undefined","timestamp":"2025-05-29T20:00:35.464Z"}
{"level":"info","message":"Current working directory: C:\\Users\\Shon PC\\Desktop\\smart-home-crm","timestamp":"2025-05-29T20:00:35.464Z"}
{"level":"info","message":"Server is running on port 3001","timestamp":"2025-05-29T20:00:35.469Z"}
{"level":"info","message":"Environment variables:","timestamp":"2025-05-29T20:00:35.819Z"}
{"level":"info","message":"PORT: undefined","timestamp":"2025-05-29T20:00:35.821Z"}
{"level":"info","message":"NODE_ENV: undefined","timestamp":"2025-05-29T20:00:35.821Z"}
{"level":"info","message":"Current working directory: C:\\Users\\Shon PC\\Desktop\\smart-home-crm","timestamp":"2025-05-29T20:00:35.821Z"}
{"level":"info","message":"Server is running on port 3001","timestamp":"2025-05-29T20:00:35.824Z"}
{"level":"info","message":"Environment variables:","timestamp":"2025-05-29T20:00:43.837Z"}
{"level":"info","message":"PORT: undefined","timestamp":"2025-05-29T20:00:43.839Z"}
{"level":"info","message":"NODE_ENV: undefined","timestamp":"2025-05-29T20:00:43.840Z"}
{"level":"info","message":"Current working directory: C:\\Users\\Shon PC\\Desktop\\smart-home-crm","timestamp":"2025-05-29T20:00:43.840Z"}
{"level":"info","message":"Server is running on port 3001","timestamp":"2025-05-29T20:00:43.843Z"}
{"level":"info","message":"Server is running on port 3001","timestamp":"2025-05-29T20:02:21.062Z"}
{"level":"info","message":"Server is running on port 3001","timestamp":"2025-05-29T20:02:35.442Z"}
{"level":"info","message":"Server is running on port 3001","timestamp":"2025-05-29T20:02:36.572Z"}
{"level":"info","message":"Server is running on port 3001","timestamp":"2025-05-29T20:03:27.480Z"}
{"level":"info","message":"Server is running on port 3001","timestamp":"2025-05-29T20:08:40.831Z"}
{"level":"info","message":"Server is running on port 3001","timestamp":"2025-05-29T20:09:18.585Z"}
{"level":"info","message":"Server is running on port 3001","timestamp":"2025-05-29T20:09:19.406Z"}
{"level":"info","message":"Server is running on port 3001","timestamp":"2025-05-29T20:10:47.792Z"}
{"level":"info","message":"Server is running on port 3001","timestamp":"2025-05-29T20:10:48.551Z"}
{"level":"info","message":"Server is running on port 3001","timestamp":"2025-05-29T20:14:44.160Z"}
{"level":"info","message":"Server is running on port 3001","timestamp":"2025-05-29T20:14:44.900Z"}
{"level":"info","message":"Server is running on port 3001","timestamp":"2025-05-29T20:19:40.011Z"}
{"level":"info","message":"Server is running on port 3001","timestamp":"2025-05-29T20:33:38.471Z"}
{"level":"info","message":"Server is running on port 3001","timestamp":"2025-05-29T20:33:39.720Z"}
{"level":"info","message":"Server is running on port 3001","timestamp":"2025-05-29T20:44:34.481Z"}
{"level":"info","message":"Server is running on port 3001","timestamp":"2025-05-29T20:45:50.437Z"}
{"level":"error","message":"AggregateError [ECONNREFUSED]: \n    at C:\\Users\\Shon PC\\Desktop\\smart-home-crm\\node_modules\\pg-pool\\index.js:45:11\n    at process.processTicksAndRejections (node:internal/process/task_queues:105:5)\n    at async User.findByEmail (C:\\Users\\Shon PC\\Desktop\\smart-home-crm\\src\\models\\user.model.js:22:20)\n    at async exports.register (C:\\Users\\Shon PC\\Desktop\\smart-home-crm\\src\\controllers\\auth.controller.js:22:26)","timestamp":"2025-05-29T20:46:26.074Z"}
{"level":"error","message":"AggregateError [ECONNREFUSED]: \n    at C:\\Users\\Shon PC\\Desktop\\smart-home-crm\\node_modules\\pg-pool\\index.js:45:11\n    at process.processTicksAndRejections (node:internal/process/task_queues:105:5)\n    at async User.findByEmail (C:\\Users\\Shon PC\\Desktop\\smart-home-crm\\src\\models\\user.model.js:22:20)\n    at async exports.register (C:\\Users\\Shon PC\\Desktop\\smart-home-crm\\src\\controllers\\auth.controller.js:22:26)","timestamp":"2025-05-29T20:46:41.588Z"}
{"level":"info","message":"Server is running on port 3001","timestamp":"2025-05-29T20:48:30.547Z"}
{"level":"info","message":"Server is running on port 3001","timestamp":"2025-05-29T20:48:56.270Z"}
{"level":"info","message":"Database configuration:","path":"./database.sqlite","timestamp":"2025-05-29T20:53:36.888Z","type":"SQLite"}
{"level":"info","message":"Server is running on port 3001","timestamp":"2025-05-29T20:53:36.942Z"}
{"level":"info","message":"Database connection successful","timestamp":"2025-05-29T20:53:36.944Z"}
{"level":"info","message":"Database tables initialized","timestamp":"2025-05-29T20:53:36.954Z"}
{"level":"info","message":"Database configuration:","path":"./database.sqlite","timestamp":"2025-05-29T20:53:51.200Z","type":"SQLite"}
{"level":"info","message":"Server is running on port 3001","timestamp":"2025-05-29T20:53:51.246Z"}
{"level":"info","message":"Database connection successful","timestamp":"2025-05-29T20:53:51.247Z"}
{"level":"info","message":"Database tables initialized","timestamp":"2025-05-29T20:53:51.251Z"}
{"level":"info","message":"Database configuration:","path":"./database.sqlite","timestamp":"2025-05-29T20:54:50.922Z","type":"SQLite"}
{"level":"info","message":"Server is running on port 3001","timestamp":"2025-05-29T20:54:50.964Z"}
{"level":"info","message":"Database connection successful","timestamp":"2025-05-29T20:54:50.965Z"}
{"level":"info","message":"Database tables initialized","timestamp":"2025-05-29T20:54:50.969Z"}
{"level":"info","message":"Database configuration:","path":"./database.sqlite","timestamp":"2025-05-29T20:55:46.101Z","type":"SQLite"}
{"level":"info","message":"Server is running on port 3001","timestamp":"2025-05-29T20:55:46.159Z"}
{"level":"info","message":"Database connection successful","timestamp":"2025-05-29T20:55:46.161Z"}
{"level":"info","message":"Database tables initialized","timestamp":"2025-05-29T20:55:46.165Z"}
{"email":"shon@cwellmarketing.com","fullName":"Shon Cornwell","level":"info","message":"Registration attempt:","role":"admin","timestamp":"2025-05-29T20:56:07.796Z"}
{"error":"Cannot read properties of undefined (reading 'id')","level":"error","message":"Database error during user creation:","stack":"TypeError: Cannot read properties of undefined (reading 'id')\n    at exports.register (C:\\Users\\Shon PC\\Desktop\\smart-home-crm\\src\\controllers\\auth.controller.js:50:64)","timestamp":"2025-05-29T20:56:07.865Z"}
{"body":{"email":"shon@cwellmarketing.com","fullName":"Shon Cornwell","password":"a9410600A!","phone":"6784804738","role":"admin"},"error":"Cannot read properties of undefined (reading 'id')","level":"error","message":"Registration failed:","stack":"TypeError: Cannot read properties of undefined (reading 'id')\n    at exports.register (C:\\Users\\Shon PC\\Desktop\\smart-home-crm\\src\\controllers\\auth.controller.js:50:64)","timestamp":"2025-05-29T20:56:07.865Z"}
{"body":{"email":"shon@cwellmarketing.com","fullName":"Shon Cornwell","password":"a9410600A!","phone":"6784804738","role":"admin"},"level":"error","message":"Error details: Cannot read properties of undefined (reading 'id')","method":"POST","name":"TypeError","params":{},"path":"/api/auth/register","query":{},"stack":"TypeError: Cannot read properties of undefined (reading 'id')\n    at exports.register (C:\\Users\\Shon PC\\Desktop\\smart-home-crm\\src\\controllers\\auth.controller.js:50:64)","timestamp":"2025-05-29T20:56:07.866Z"}
{"level":"info","message":"Database configuration:","path":"./database.sqlite","timestamp":"2025-05-29T20:58:24.040Z","type":"SQLite"}
{"level":"info","message":"Server is running on port 3001","timestamp":"2025-05-29T20:58:24.085Z"}
{"level":"info","message":"Database connection successful","timestamp":"2025-05-29T20:58:24.086Z"}
{"level":"info","message":"Database tables initialized","timestamp":"2025-05-29T20:58:24.090Z"}
2025-05-29 16:59:00 [info]: Database configuration:
{
  "type": "SQLite",
  "path": "./database.sqlite"
}
2025-05-29 16:59:00 [info]: Server is running on port 3001
2025-05-29 16:59:00 [info]: Database connection successful
2025-05-29 16:59:00 [info]: Database tables initialized
2025-05-29 16:59:15 [info]: Database configuration:
{
  "type": "SQLite",
  "path": "./database.sqlite"
}
2025-05-29 16:59:15 [info]: Server is running on port 3001
2025-05-29 16:59:15 [info]: Database connection successful
2025-05-29 16:59:15 [info]: Database tables initialized
2025-05-29 17:00:12 [info]: === Starting Registration Process ===
2025-05-29 17:00:12 [debug]: Registration request body:
{
  "fullName": "Shon Cornwell",
  "email": "shon@cwellmarketing.com",
  "role": "admin",
  "phone": "6784804738",
  "password": "[REDACTED]"
}
2025-05-29 17:00:12 [debug]: Validating request data...
2025-05-29 17:00:12 [debug]: Request validation passed
2025-05-29 17:00:12 [debug]: Checking for existing user:
{
  "email": "shon@cwellmarketing.com"
}
2025-05-29 17:00:12 [debug]: Executed query:
{
  "sql": "SELECT * FROM users WHERE email = $1",
  "params": [
    "shon@cwellmarketing.com"
  ],
  "duration": 0,
  "rowCount": 1
}
2025-05-29 17:00:12 [warn]: Registration failed: Email already exists:
{
  "email": "shon@cwellmarketing.com"
}
2025-05-29 17:02:24 [info]: Database configuration:
{
  "type": "SQLite",
  "path": "./database.sqlite"
}
2025-05-29 17:02:24 [info]: Server is running on port 3001
2025-05-29 17:02:24 [info]: Database connection successful
2025-05-29 17:02:24 [info]: Database tables initialized
2025-05-29 17:03:14 [info]: Database configuration:
{
  "type": "SQLite",
  "path": "./database.sqlite"
}
2025-05-29 17:03:14 [info]: Server is running on port 3001
2025-05-29 17:03:14 [info]: Database connection successful
2025-05-29 17:03:14 [info]: Database tables initialized
2025-05-29 17:03:43 [info]: Database configuration:
{
  "type": "SQLite",
  "path": "./database.sqlite"
}
2025-05-29 17:03:43 [info]: Server is running on port 3001
2025-05-29 17:03:43 [info]: Database connection successful
2025-05-29 17:03:43 [info]: Database tables initialized
2025-05-29 17:04:11 [info]: Database configuration:
{
  "type": "SQLite",
  "path": "./database.sqlite"
}
2025-05-29 17:04:11 [info]: Server is running on port 3001
2025-05-29 17:04:11 [info]: Database connection successful
2025-05-29 17:04:11 [info]: Database tables initialized
2025-05-29 17:05:26 [info]: === Starting Registration Process ===
2025-05-29 17:05:26 [debug]: Registration request body:
{
  "fullName": "Test User",
  "email": "test@example.com",
  "role": "admin",
  "phone": "5551234",
  "password": "[REDACTED]"
}
2025-05-29 17:05:26 [debug]: Validating request data...
2025-05-29 17:05:26 [warn]: Registration validation failed:
{
  "errors": [
    {
      "type": "field",
      "value": "5551234",
      "msg": "Invalid phone number format",
      "path": "phone",
      "location": "body"
    },
    {
      "type": "field",
      "value": "password123",
      "msg": "Password must contain at least one uppercase letter, one lowercase letter, one number, and one special character",
      "path": "password",
      "location": "body"
    }
  ],
  "requestBody": {
    "fullName": "Test User",
    "email": "test@example.com",
    "role": "admin",
    "phone": "5551234",
    "password": "[REDACTED]"
  }
}
2025-05-29 17:07:18 [info]: === Starting Registration Process ===
2025-05-29 17:07:18 [debug]: Registration request body:
{
  "fullName": "Test User",
  "email": "test@example.com",
  "role": "admin",
  "phone": "555-123-4567",
  "password": "[REDACTED]"
}
2025-05-29 17:07:18 [debug]: Validating request data...
2025-05-29 17:07:18 [debug]: Request validation passed
2025-05-29 17:07:18 [debug]: Checking for existing user:
{
  "email": "test@example.com"
}
2025-05-29 17:07:18 [debug]: No existing user found with email:
{
  "email": "test@example.com"
}
2025-05-29 17:07:18 [debug]: Hashing password...
2025-05-29 17:07:18 [debug]: Password hashed successfully
2025-05-29 17:07:18 [debug]: Attempting to create new user:
{
  "email": "test@example.com",
  "fullName": "Test User",
  "role": "admin",
  "hasPhone": true
}
2025-05-29 17:07:18 [debug]: Creating new user in database:
{
  "email": "test@example.com",
  "role": "admin"
}
2025-05-29 17:07:18 [debug]: User created successfully:
{
  "userId": 2,
  "email": "test@example.com"
}
2025-05-29 17:07:18 [info]: User created successfully:
{
  "userId": 2,
  "email": "test@example.com",
  "role": "admin"
}
2025-05-29 17:07:18 [debug]: Generating JWT token...
2025-05-29 17:07:18 [debug]: JWT token generated successfully
2025-05-29 17:07:18 [debug]: Attempting to send welcome email...
2025-05-29 17:07:19 [error]: Error sending welcome email: Invalid login: 535-5.7.8 Username and Password not accepted. For more information, go to
535 5.7.8  https://support.google.com/mail/?p=BadCredentials 3f1490d57ef6-e7f733ec736sm498634276.31 - gsmtp
{
  "code": "EAUTH",
  "response": "535-5.7.8 Username and Password not accepted. For more information, go to\n535 5.7.8  https://support.google.com/mail/?p=BadCredentials 3f1490d57ef6-e7f733ec736sm498634276.31 - gsmtp",
  "responseCode": 535,
  "command": "AUTH PLAIN",
  "stack": "Error: Invalid login: 535-5.7.8 Username and Password not accepted. For more information, go to\n535 5.7.8  https://support.google.com/mail/?p=BadCredentials 3f1490d57ef6-e7f733ec736sm498634276.31 - gsmtp\n    at SMTPConnection._formatError (C:\\Users\\Shon PC\\Desktop\\smart-home-crm\\node_modules\\nodemailer\\lib\\smtp-connection\\index.js:809:19)\n    at SMTPConnection._actionAUTHComplete (C:\\Users\\Shon PC\\Desktop\\smart-home-crm\\node_modules\\nodemailer\\lib\\smtp-connection\\index.js:1588:34)\n    at SMTPConnection.<anonymous> (C:\\Users\\Shon PC\\Desktop\\smart-home-crm\\node_modules\\nodemailer\\lib\\smtp-connection\\index.js:556:26)\n    at SMTPConnection._processResponse (C:\\Users\\Shon PC\\Desktop\\smart-home-crm\\node_modules\\nodemailer\\lib\\smtp-connection\\index.js:993:20)\n    at SMTPConnection._onData (C:\\Users\\Shon PC\\Desktop\\smart-home-crm\\node_modules\\nodemailer\\lib\\smtp-connection\\index.js:774:14)\n    at SMTPConnection._onSocketData (C:\\Users\\Shon PC\\Desktop\\smart-home-crm\\node_modules\\nodemailer\\lib\\smtp-connection\\index.js:195:44)\n    at TLSSocket.emit (node:events:518:28)\n    at addChunk (node:internal/streams/readable:561:12)\n    at readableAddChunkPushByteMode (node:internal/streams/readable:512:3)\n    at Readable.push (node:internal/streams/readable:392:5)"
}
2025-05-29 17:07:19 [error]: Failed to send welcome email:
{
  "error": "Invalid login: 535-5.7.8 Username and Password not accepted. For more information, go to\n535 5.7.8  https://support.google.com/mail/?p=BadCredentials 3f1490d57ef6-e7f733ec736sm498634276.31 - gsmtp",
  "stack": "Error: Invalid login: 535-5.7.8 Username and Password not accepted. For more information, go to\n535 5.7.8  https://support.google.com/mail/?p=BadCredentials 3f1490d57ef6-e7f733ec736sm498634276.31 - gsmtp\n    at SMTPConnection._formatError (C:\\Users\\Shon PC\\Desktop\\smart-home-crm\\node_modules\\nodemailer\\lib\\smtp-connection\\index.js:809:19)\n    at SMTPConnection._actionAUTHComplete (C:\\Users\\Shon PC\\Desktop\\smart-home-crm\\node_modules\\nodemailer\\lib\\smtp-connection\\index.js:1588:34)\n    at SMTPConnection.<anonymous> (C:\\Users\\Shon PC\\Desktop\\smart-home-crm\\node_modules\\nodemailer\\lib\\smtp-connection\\index.js:556:26)\n    at SMTPConnection._processResponse (C:\\Users\\Shon PC\\Desktop\\smart-home-crm\\node_modules\\nodemailer\\lib\\smtp-connection\\index.js:993:20)\n    at SMTPConnection._onData (C:\\Users\\Shon PC\\Desktop\\smart-home-crm\\node_modules\\nodemailer\\lib\\smtp-connection\\index.js:774:14)\n    at SMTPConnection._onSocketData (C:\\Users\\Shon PC\\Desktop\\smart-home-crm\\node_modules\\nodemailer\\lib\\smtp-connection\\index.js:195:44)\n    at TLSSocket.emit (node:events:518:28)\n    at addChunk (node:internal/streams/readable:561:12)\n    at readableAddChunkPushByteMode (node:internal/streams/readable:512:3)\n    at Readable.push (node:internal/streams/readable:392:5)",
  "userId": 2,
  "email": "test@example.com"
}
2025-05-29 17:07:19 [info]: Registration completed successfully:
{
  "userId": 2,
  "email": "test@example.com",
  "role": "admin"
}
2025-05-29 17:20:10 [info]: Database configuration:
{
  "type": "SQLite",
  "path": "./database.sqlite"
}
2025-05-29 17:20:10 [info]: Server is running on port 3001
2025-05-29 17:20:10 [info]: Database connection successful
2025-05-29 17:20:10 [info]: Database tables initialized
2025-05-29 18:38:38 [info]: Database configuration:
{
  "type": "SQLite",
  "path": "./database.sqlite"
}
2025-05-29 18:38:38 [info]: Server is running on port 3001
2025-05-29 18:38:38 [info]: Database connection successful
2025-05-29 18:38:38 [info]: Database tables initialized
2025-05-29 18:50:53 [info]: Database configuration:
{
  "type": "SQLite",
  "path": "./database.sqlite"
}
2025-05-29 18:50:53 [info]: Server is running on port 3001
2025-05-29 18:50:53 [info]: Database connection successful
2025-05-29 18:50:53 [info]: Database tables initialized
2025-05-29 18:53:31 [info]: Database configuration:
{
  "type": "SQLite",
  "path": "./database.sqlite"
}
2025-05-29 18:53:31 [info]: Server is running on port 3001
2025-05-29 18:53:31 [info]: Database connection successful
2025-05-29 18:53:31 [info]: Database tables initialized
2025-05-29 20:08:44 [info]: Database configuration:
{
  "type": "SQLite",
  "path": "./database.sqlite"
}
2025-05-29 20:08:44 [info]: Server is running on port 3001
2025-05-29 20:08:44 [info]: Database connection successful
2025-05-29 20:08:44 [info]: Database tables initialized
2025-05-29 20:08:45 [info]: Database configuration:
{
  "type": "SQLite",
  "path": "./database.sqlite"
}
2025-05-29 20:08:45 [info]: Server is running on port 3001
2025-05-29 20:08:45 [info]: Database connection successful
2025-05-29 20:08:45 [info]: Database tables initialized
2025-05-29 21:48:24 [info]: Database configuration:
{
  "type": "SQLite",
  "path": "./database.sqlite"
}
2025-05-29 21:48:24 [info]: Server is running on port 3001
2025-05-29 21:48:24 [info]: Database connection successful
2025-05-29 21:48:24 [info]: Database tables initialized
2025-05-29 21:48:31 [info]: Database configuration:
{
  "type": "SQLite",
  "path": "./database.sqlite"
}
2025-05-29 21:48:31 [info]: Server is running on port 3001
2025-05-29 21:48:31 [info]: Database connection successful
2025-05-29 21:48:31 [info]: Database tables initialized
2025-05-30 08:26:17 [info]: Database configuration:
{
  "type": "SQLite",
  "path": "C:\\Users\\Shon PC\\Desktop\\smart-home-crm\\database.sqlite"
}
2025-05-30 08:26:17 [info]: Server is running on port 3001
2025-05-30 08:26:17 [info]: Database connection successful
2025-05-30 08:26:17 [info]: Database tables initialized
2025-05-30 08:27:46 [info]: Database configuration:
{
  "type": "SQLite",
  "path": "C:\\Users\\Shon PC\\Desktop\\smart-home-crm\\database.sqlite"
}
2025-05-30 08:27:46 [info]: Server is running on port 3001
2025-05-30 08:27:46 [info]: Database connection successful
2025-05-30 08:27:46 [info]: Database tables initialized
2025-05-30 08:29:25 [info]: Database configuration:
{
  "type": "SQLite",
  "path": "C:\\Users\\Shon PC\\Desktop\\smart-home-crm\\database.sqlite"
}
2025-05-30 08:29:25 [info]: Server is running on port 3001
2025-05-30 08:29:25 [info]: Database connection successful
2025-05-30 08:29:25 [info]: Database tables initialized
2025-05-30 08:30:32 [info]: Database configuration:
{
  "type": "SQLite",
  "path": "C:\\Users\\Shon PC\\Desktop\\smart-home-crm\\database.sqlite"
}
2025-05-30 08:30:32 [info]: Server is running on port 3001
2025-05-30 08:30:32 [info]: Database connection successful
2025-05-30 08:30:32 [info]: Database tables initialized
2025-05-30 09:19:32 [info]: Database configuration:
{
  "type": "SQLite",
  "path": "C:\\Users\\Shon PC\\Desktop\\smart-home-crm\\database.sqlite"
}
2025-05-30 09:19:32 [info]: Server is running on port 3001
2025-05-30 09:19:32 [info]: Database connection successful
2025-05-30 09:19:32 [info]: Database tables initialized
2025-05-30 09:51:41 [info]: Database configuration:
{
  "type": "SQLite",
  "path": "C:\\Users\\Shon PC\\Desktop\\smart-home-crm\\database.sqlite"
}
2025-05-30 09:51:41 [info]: Server is running on port 3001
2025-05-30 09:51:41 [info]: Database connection successful
2025-05-30 09:51:41 [info]: Database tables initialized
2025-05-30 09:57:45 [info]: Database configuration:
{
  "type": "SQLite",
  "path": "C:\\Users\\Shon PC\\Desktop\\smart-home-crm\\database.sqlite"
}
2025-05-30 09:57:45 [info]: Server is running on port 3001
2025-05-30 09:57:45 [info]: Database connection successful
2025-05-30 09:57:45 [info]: Database tables initialized
2025-05-30 10:23:40 [info]: Database configuration:
{
  "type": "SQLite",
  "path": "C:\\Users\\Shon PC\\Desktop\\smart-home-crm\\database.sqlite"
}
2025-05-30 10:23:41 [info]: Server is running on port 3001
2025-05-30 10:23:41 [info]: Database connection successful
2025-05-30 10:23:41 [info]: Database tables initialized
2025-05-30 10:39:10 [info]: Database configuration:
{
  "type": "SQLite",
  "path": "C:\\Users\\Shon PC\\Desktop\\smart-home-crm\\database.sqlite"
}
2025-05-30 10:39:10 [info]: Server is running on port 3001
2025-05-30 10:39:10 [info]: Database connection successful
2025-05-30 10:39:10 [info]: Database tables initialized
2025-05-30 10:51:58 [info]: Database configuration:
{
  "type": "SQLite",
  "path": "C:\\Users\\Shon PC\\Desktop\\smart-home-crm\\database.sqlite"
}
2025-05-30 10:51:58 [info]: Server is running on port 3001
2025-05-30 10:51:58 [info]: Database connection successful
2025-05-30 10:51:58 [info]: Database tables initialized
2025-05-30 10:57:34 [info]: Database configuration:
{
  "type": "SQLite",
  "path": "C:\\Users\\Shon PC\\Desktop\\smart-home-crm\\database.sqlite"
}
2025-05-30 10:57:34 [info]: Server is running on port 3001
2025-05-30 10:57:34 [info]: Database connection successful
2025-05-30 10:57:34 [info]: Database tables initialized
2025-05-30 11:14:04 [info]: Database configuration:
{
  "type": "SQLite",
  "path": "C:\\Users\\Shon PC\\Desktop\\smart-home-crm\\database.sqlite"
}
2025-05-30 11:14:04 [info]: Server is running on port 3001
2025-05-30 11:14:04 [info]: Database connection successful
2025-05-30 11:14:05 [info]: Database tables initialized
2025-05-30 11:25:09 [info]: Database configuration:
{
  "type": "SQLite",
  "path": "C:\\Users\\Shon PC\\Desktop\\smart-home-crm\\database.sqlite"
}
2025-05-30 11:25:09 [info]: Server is running on port 3001
2025-05-30 11:25:09 [info]: Database connection successful
2025-05-30 11:25:09 [info]: Database tables initialized
2025-05-30 11:38:50 [info]: Database configuration:
{
  "type": "SQLite",
  "path": "C:\\Users\\Shon PC\\Desktop\\smart-home-crm\\database.sqlite"
}
2025-05-30 11:38:50 [info]: Server is running on port 3001
2025-05-30 11:38:50 [info]: Database connection successful
2025-05-30 11:38:50 [info]: Database tables initialized
2025-05-30 12:10:39 [info]: Database configuration:
{
  "type": "SQLite",
  "path": "C:\\Users\\Shon PC\\Desktop\\smart-home-crm\\database.sqlite"
}
2025-05-30 12:10:39 [info]: Server is running on port 3001
2025-05-30 12:10:39 [info]: Database connection successful
2025-05-30 12:10:39 [info]: Database tables initialized
2025-05-30 12:21:21 [info]: Database configuration:
{
  "type": "SQLite",
  "path": "C:\\Users\\Shon PC\\Desktop\\smart-home-crm\\database.sqlite"
}
2025-05-30 12:21:21 [info]: Server is running on port 3001
2025-05-30 12:21:21 [info]: Database connection successful
2025-05-30 12:21:21 [info]: Database tables initialized
